The target system is: Windows -  - 
The host system is: Darwin - 16.7.0 - x86_64
Compiling the C compiler identification source file "CMakeCCompilerId.c" succeeded.
Compiler: /usr/local/bin/x86_64-w64-mingw32-gcc 
Build flags: 
Id flags:  

The output was:
0


Compilation of the C compiler identification source "CMakeCCompilerId.c" produced "a.exe"

The C compiler identification is GNU, found in "/Users/njazz/Documents/github/euclidean_pattern_external/builds/win-mingw/CMakeFiles/3.16.4/CompilerIdC/a.exe"

Compiling the CXX compiler identification source file "CMakeCXXCompilerId.cpp" succeeded.
Compiler: /usr/local/bin/x86_64-w64-mingw32-g++ 
Build flags: 
Id flags:  

The output was:
0


Compilation of the CXX compiler identification source "CMakeCXXCompilerId.cpp" produced "a.exe"

The CXX compiler identification is GNU, found in "/Users/njazz/Documents/github/euclidean_pattern_external/builds/win-mingw/CMakeFiles/3.16.4/CompilerIdCXX/a.exe"

Determining if the C compiler works passed with the following output:
Change Dir: /Users/njazz/Documents/github/euclidean_pattern_external/builds/win-mingw/CMakeFiles/CMakeTmp

Run Build Command(s):/usr/bin/make cmTC_906a1/fast && /Applications/Xcode.app/Contents/Developer/usr/bin/make -f CMakeFiles/cmTC_906a1.dir/build.make CMakeFiles/cmTC_906a1.dir/build
Building C object CMakeFiles/cmTC_906a1.dir/testCCompiler.c.obj
/usr/local/bin/x86_64-w64-mingw32-gcc    -o CMakeFiles/cmTC_906a1.dir/testCCompiler.c.obj   -c /Users/njazz/Documents/github/euclidean_pattern_external/builds/win-mingw/CMakeFiles/CMakeTmp/testCCompiler.c
Linking C executable cmTC_906a1.exe
/usr/local/Cellar/cmake/3.16.4/bin/cmake -E cmake_link_script CMakeFiles/cmTC_906a1.dir/link.txt --verbose=1
/usr/local/Cellar/cmake/3.16.4/bin/cmake -E remove -f CMakeFiles/cmTC_906a1.dir/objects.a
/usr/local/bin/x86_64-w64-mingw32-ar cr CMakeFiles/cmTC_906a1.dir/objects.a @CMakeFiles/cmTC_906a1.dir/objects1.rsp
/usr/local/bin/x86_64-w64-mingw32-gcc      -Wl,--whole-archive CMakeFiles/cmTC_906a1.dir/objects.a -Wl,--no-whole-archive  -o cmTC_906a1.exe -Wl,--out-implib,libcmTC_906a1.dll.a -Wl,--major-image-version,0,--minor-image-version,0 @CMakeFiles/cmTC_906a1.dir/linklibs.rsp



Detecting C compiler ABI info compiled with the following output:
Change Dir: /Users/njazz/Documents/github/euclidean_pattern_external/builds/win-mingw/CMakeFiles/CMakeTmp

Run Build Command(s):/usr/bin/make cmTC_551a1/fast && /Applications/Xcode.app/Contents/Developer/usr/bin/make -f CMakeFiles/cmTC_551a1.dir/build.make CMakeFiles/cmTC_551a1.dir/build
Building C object CMakeFiles/cmTC_551a1.dir/CMakeCCompilerABI.c.obj
/usr/local/bin/x86_64-w64-mingw32-gcc   -v -o CMakeFiles/cmTC_551a1.dir/CMakeCCompilerABI.c.obj   -c /usr/local/Cellar/cmake/3.16.4/share/cmake/Modules/CMakeCCompilerABI.c
Using built-in specs.
COLLECT_GCC=/usr/local/bin/x86_64-w64-mingw32-gcc
Target: x86_64-w64-mingw32
Configured with: ../configure --target=x86_64-w64-mingw32 --with-sysroot=/usr/local/Cellar/mingw-w64/7.0.0_1/toolchain-x86_64 --prefix=/usr/local/Cellar/mingw-w64/7.0.0_1/toolchain-x86_64 --with-bugurl=https://github.com/Homebrew/homebrew-core/issues --enable-languages=c,c++,fortran --with-ld=/usr/local/Cellar/mingw-w64/7.0.0_1/toolchain-x86_64/bin/x86_64-w64-mingw32-ld --with-as=/usr/local/Cellar/mingw-w64/7.0.0_1/toolchain-x86_64/bin/x86_64-w64-mingw32-as --with-gmp=/usr/local/opt/gmp --with-mpfr=/usr/local/opt/mpfr --with-mpc=/usr/local/opt/libmpc --with-isl=/usr/local/opt/isl --disable-multilib --enable-threads=posix
Thread model: posix
gcc version 9.2.0 (GCC) 
COLLECT_GCC_OPTIONS='-v' '-o' 'CMakeFiles/cmTC_551a1.dir/CMakeCCompilerABI.c.obj' '-c' '-mtune=generic' '-march=x86-64'
 /usr/local/Cellar/mingw-w64/7.0.0_1/toolchain-x86_64/libexec/gcc/x86_64-w64-mingw32/9.2.0/cc1 -quiet -v -D_REENTRANT /usr/local/Cellar/cmake/3.16.4/share/cmake/Modules/CMakeCCompilerABI.c -quiet -dumpbase CMakeCCompilerABI.c -mtune=generic -march=x86-64 -auxbase-strip CMakeFiles/cmTC_551a1.dir/CMakeCCompilerABI.c.obj -version -o /var/folders/kt/n00x5k9x1j7ghp_61shv4snw0000gn/T//cciAv4ju.s
GNU C17 (GCC) version 9.2.0 (x86_64-w64-mingw32)
	compiled by GNU C version 4.2.1 Compatible Apple LLVM 9.0.0 (clang-900.0.38), GMP version 6.1.2, MPFR version 4.0.2, MPC version 1.1.0, isl version isl-0.22-GMP

GGC heuristics: --param ggc-min-expand=100 --param ggc-min-heapsize=131072
ignoring nonexistent directory "/usr/local/Cellar/mingw-w64/7.0.0_1/toolchain-x86_64/usr/local/include"
ignoring duplicate directory "/usr/local/Cellar/mingw-w64/7.0.0_1/toolchain-x86_64/mingw/include"
#include "..." search starts here:
#include <...> search starts here:
 /usr/local/Cellar/mingw-w64/7.0.0_1/toolchain-x86_64/lib/gcc/x86_64-w64-mingw32/9.2.0/include
 /usr/local/Cellar/mingw-w64/7.0.0_1/toolchain-x86_64/lib/gcc/x86_64-w64-mingw32/9.2.0/include-fixed
 /usr/local/Cellar/mingw-w64/7.0.0_1/toolchain-x86_64/lib/gcc/x86_64-w64-mingw32/9.2.0/../../../../x86_64-w64-mingw32/include
End of search list.
GNU C17 (GCC) version 9.2.0 (x86_64-w64-mingw32)
	compiled by GNU C version 4.2.1 Compatible Apple LLVM 9.0.0 (clang-900.0.38), GMP version 6.1.2, MPFR version 4.0.2, MPC version 1.1.0, isl version isl-0.22-GMP

GGC heuristics: --param ggc-min-expand=100 --param ggc-min-heapsize=131072
Compiler executable checksum: 70646389e470a65bb03a21825ec12f11
COLLECT_GCC_OPTIONS='-v' '-o' 'CMakeFiles/cmTC_551a1.dir/CMakeCCompilerABI.c.obj' '-c' '-mtune=generic' '-march=x86-64'
 /usr/local/Cellar/mingw-w64/7.0.0_1/toolchain-x86_64/bin/x86_64-w64-mingw32-as -v -o CMakeFiles/cmTC_551a1.dir/CMakeCCompilerABI.c.obj /var/folders/kt/n00x5k9x1j7ghp_61shv4snw0000gn/T//cciAv4ju.s
GNU assembler version 2.33.1 (x86_64-w64-mingw32) using BFD version (GNU Binutils) 2.33.1
COMPILER_PATH=/usr/local/Cellar/mingw-w64/7.0.0_1/toolchain-x86_64/libexec/gcc/x86_64-w64-mingw32/9.2.0/:/usr/local/Cellar/mingw-w64/7.0.0_1/toolchain-x86_64/libexec/gcc/x86_64-w64-mingw32/9.2.0/:/usr/local/Cellar/mingw-w64/7.0.0_1/toolchain-x86_64/libexec/gcc/x86_64-w64-mingw32/:/usr/local/Cellar/mingw-w64/7.0.0_1/toolchain-x86_64/lib/gcc/x86_64-w64-mingw32/9.2.0/:/usr/local/Cellar/mingw-w64/7.0.0_1/toolchain-x86_64/lib/gcc/x86_64-w64-mingw32/:/usr/local/Cellar/mingw-w64/7.0.0_1/toolchain-x86_64/lib/gcc/x86_64-w64-mingw32/9.2.0/../../../../x86_64-w64-mingw32/bin/
LIBRARY_PATH=/usr/local/Cellar/mingw-w64/7.0.0_1/toolchain-x86_64/lib/gcc/x86_64-w64-mingw32/9.2.0/:/usr/local/Cellar/mingw-w64/7.0.0_1/toolchain-x86_64/lib/gcc/x86_64-w64-mingw32/9.2.0/../../../../x86_64-w64-mingw32/lib/../lib/:/usr/local/Cellar/mingw-w64/7.0.0_1/toolchain-x86_64/mingw/lib/../lib/:/usr/local/Cellar/mingw-w64/7.0.0_1/toolchain-x86_64/lib/gcc/x86_64-w64-mingw32/9.2.0/../../../../x86_64-w64-mingw32/lib/:/usr/local/Cellar/mingw-w64/7.0.0_1/toolchain-x86_64/mingw/lib/
COLLECT_GCC_OPTIONS='-v' '-o' 'CMakeFiles/cmTC_551a1.dir/CMakeCCompilerABI.c.obj' '-c' '-mtune=generic' '-march=x86-64'
Linking C executable cmTC_551a1.exe
/usr/local/Cellar/cmake/3.16.4/bin/cmake -E cmake_link_script CMakeFiles/cmTC_551a1.dir/link.txt --verbose=1
/usr/local/Cellar/cmake/3.16.4/bin/cmake -E remove -f CMakeFiles/cmTC_551a1.dir/objects.a
/usr/local/bin/x86_64-w64-mingw32-ar cr CMakeFiles/cmTC_551a1.dir/objects.a @CMakeFiles/cmTC_551a1.dir/objects1.rsp
/usr/local/bin/x86_64-w64-mingw32-gcc     -v -Wl,--whole-archive CMakeFiles/cmTC_551a1.dir/objects.a -Wl,--no-whole-archive  -o cmTC_551a1.exe -Wl,--out-implib,libcmTC_551a1.dll.a -Wl,--major-image-version,0,--minor-image-version,0 
Using built-in specs.
COLLECT_GCC=/usr/local/bin/x86_64-w64-mingw32-gcc
COLLECT_LTO_WRAPPER=/usr/local/Cellar/mingw-w64/7.0.0_1/toolchain-x86_64/libexec/gcc/x86_64-w64-mingw32/9.2.0/lto-wrapper
Target: x86_64-w64-mingw32
Configured with: ../configure --target=x86_64-w64-mingw32 --with-sysroot=/usr/local/Cellar/mingw-w64/7.0.0_1/toolchain-x86_64 --prefix=/usr/local/Cellar/mingw-w64/7.0.0_1/toolchain-x86_64 --with-bugurl=https://github.com/Homebrew/homebrew-core/issues --enable-languages=c,c++,fortran --with-ld=/usr/local/Cellar/mingw-w64/7.0.0_1/toolchain-x86_64/bin/x86_64-w64-mingw32-ld --with-as=/usr/local/Cellar/mingw-w64/7.0.0_1/toolchain-x86_64/bin/x86_64-w64-mingw32-as --with-gmp=/usr/local/opt/gmp --with-mpfr=/usr/local/opt/mpfr --with-mpc=/usr/local/opt/libmpc --with-isl=/usr/local/opt/isl --disable-multilib --enable-threads=posix
Thread model: posix
gcc version 9.2.0 (GCC) 
COMPILER_PATH=/usr/local/Cellar/mingw-w64/7.0.0_1/toolchain-x86_64/libexec/gcc/x86_64-w64-mingw32/9.2.0/:/usr/local/Cellar/mingw-w64/7.0.0_1/toolchain-x86_64/libexec/gcc/x86_64-w64-mingw32/9.2.0/:/usr/local/Cellar/mingw-w64/7.0.0_1/toolchain-x86_64/libexec/gcc/x86_64-w64-mingw32/:/usr/local/Cellar/mingw-w64/7.0.0_1/toolchain-x86_64/lib/gcc/x86_64-w64-mingw32/9.2.0/:/usr/local/Cellar/mingw-w64/7.0.0_1/toolchain-x86_64/lib/gcc/x86_64-w64-mingw32/:/usr/local/Cellar/mingw-w64/7.0.0_1/toolchain-x86_64/lib/gcc/x86_64-w64-mingw32/9.2.0/../../../../x86_64-w64-mingw32/bin/
LIBRARY_PATH=/usr/local/Cellar/mingw-w64/7.0.0_1/toolchain-x86_64/lib/gcc/x86_64-w64-mingw32/9.2.0/:/usr/local/Cellar/mingw-w64/7.0.0_1/toolchain-x86_64/lib/gcc/x86_64-w64-mingw32/9.2.0/../../../../x86_64-w64-mingw32/lib/../lib/:/usr/local/Cellar/mingw-w64/7.0.0_1/toolchain-x86_64/mingw/lib/../lib/:/usr/local/Cellar/mingw-w64/7.0.0_1/toolchain-x86_64/lib/gcc/x86_64-w64-mingw32/9.2.0/../../../../x86_64-w64-mingw32/lib/:/usr/local/Cellar/mingw-w64/7.0.0_1/toolchain-x86_64/mingw/lib/
COLLECT_GCC_OPTIONS='-v' '-o' 'cmTC_551a1.exe' '-mtune=generic' '-march=x86-64'
 /usr/local/Cellar/mingw-w64/7.0.0_1/toolchain-x86_64/libexec/gcc/x86_64-w64-mingw32/9.2.0/collect2 -plugin /usr/local/Cellar/mingw-w64/7.0.0_1/toolchain-x86_64/libexec/gcc/x86_64-w64-mingw32/9.2.0/liblto_plugin.so -plugin-opt=/usr/local/Cellar/mingw-w64/7.0.0_1/toolchain-x86_64/libexec/gcc/x86_64-w64-mingw32/9.2.0/lto-wrapper -plugin-opt=-fresolution=/var/folders/kt/n00x5k9x1j7ghp_61shv4snw0000gn/T//ccu6Rk9T.res -plugin-opt=-pass-through=-lmingw32 -plugin-opt=-pass-through=-lgcc -plugin-opt=-pass-through=-lgcc_eh -plugin-opt=-pass-through=-lmoldname -plugin-opt=-pass-through=-lmingwex -plugin-opt=-pass-through=-lmsvcrt -plugin-opt=-pass-through=-lpthread -plugin-opt=-pass-through=-ladvapi32 -plugin-opt=-pass-through=-lshell32 -plugin-opt=-pass-through=-luser32 -plugin-opt=-pass-through=-lkernel32 -plugin-opt=-pass-through=-lmingw32 -plugin-opt=-pass-through=-lgcc -plugin-opt=-pass-through=-lgcc_eh -plugin-opt=-pass-through=-lmoldname -plugin-opt=-pass-through=-lmingwex -plugin-opt=-pass-through=-lmsvcrt --sysroot=/usr/local/Cellar/mingw-w64/7.0.0_1/toolchain-x86_64 -m i386pep -Bdynamic -o cmTC_551a1.exe /usr/local/Cellar/mingw-w64/7.0.0_1/toolchain-x86_64/lib/gcc/x86_64-w64-mingw32/9.2.0/../../../../x86_64-w64-mingw32/lib/../lib/crt2.o /usr/local/Cellar/mingw-w64/7.0.0_1/toolchain-x86_64/lib/gcc/x86_64-w64-mingw32/9.2.0/crtbegin.o -L/usr/local/Cellar/mingw-w64/7.0.0_1/toolchain-x86_64/lib/gcc/x86_64-w64-mingw32/9.2.0 -L/usr/local/Cellar/mingw-w64/7.0.0_1/toolchain-x86_64/lib/gcc/x86_64-w64-mingw32/9.2.0/../../../../x86_64-w64-mingw32/lib/../lib -L/usr/local/Cellar/mingw-w64/7.0.0_1/toolchain-x86_64/mingw/lib/../lib -L/usr/local/Cellar/mingw-w64/7.0.0_1/toolchain-x86_64/lib/gcc/x86_64-w64-mingw32/9.2.0/../../../../x86_64-w64-mingw32/lib -L/usr/local/Cellar/mingw-w64/7.0.0_1/toolchain-x86_64/mingw/lib --whole-archive CMakeFiles/cmTC_551a1.dir/objects.a --no-whole-archive --out-implib libcmTC_551a1.dll.a --major-image-version 0 --minor-image-version 0 -lmingw32 -lgcc -lgcc_eh -lmoldname -lmingwex -lmsvcrt -lpthread -ladvapi32 -lshell32 -luser32 -lkernel32 -lmingw32 -lgcc -lgcc_eh -lmoldname -lmingwex -lmsvcrt /usr/local/Cellar/mingw-w64/7.0.0_1/toolchain-x86_64/lib/gcc/x86_64-w64-mingw32/9.2.0/crtend.o
COLLECT_GCC_OPTIONS='-v' '-o' 'cmTC_551a1.exe' '-mtune=generic' '-march=x86-64'



Parsed C implicit include dir info from above output: rv=done
  found start of include info
  found start of implicit include info
    add: [/usr/local/Cellar/mingw-w64/7.0.0_1/toolchain-x86_64/lib/gcc/x86_64-w64-mingw32/9.2.0/include]
    add: [/usr/local/Cellar/mingw-w64/7.0.0_1/toolchain-x86_64/lib/gcc/x86_64-w64-mingw32/9.2.0/include-fixed]
    add: [/usr/local/Cellar/mingw-w64/7.0.0_1/toolchain-x86_64/lib/gcc/x86_64-w64-mingw32/9.2.0/../../../../x86_64-w64-mingw32/include]
  end of search list found
  collapse include dir [/usr/local/Cellar/mingw-w64/7.0.0_1/toolchain-x86_64/lib/gcc/x86_64-w64-mingw32/9.2.0/include] ==> [/usr/local/Cellar/mingw-w64/7.0.0_1/toolchain-x86_64/lib/gcc/x86_64-w64-mingw32/9.2.0/include]
  collapse include dir [/usr/local/Cellar/mingw-w64/7.0.0_1/toolchain-x86_64/lib/gcc/x86_64-w64-mingw32/9.2.0/include-fixed] ==> [/usr/local/Cellar/mingw-w64/7.0.0_1/toolchain-x86_64/lib/gcc/x86_64-w64-mingw32/9.2.0/include-fixed]
  collapse include dir [/usr/local/Cellar/mingw-w64/7.0.0_1/toolchain-x86_64/lib/gcc/x86_64-w64-mingw32/9.2.0/../../../../x86_64-w64-mingw32/include] ==> [/usr/local/Cellar/mingw-w64/7.0.0_1/toolchain-x86_64/x86_64-w64-mingw32/include]
  implicit include dirs: [/usr/local/Cellar/mingw-w64/7.0.0_1/toolchain-x86_64/lib/gcc/x86_64-w64-mingw32/9.2.0/include;/usr/local/Cellar/mingw-w64/7.0.0_1/toolchain-x86_64/lib/gcc/x86_64-w64-mingw32/9.2.0/include-fixed;/usr/local/Cellar/mingw-w64/7.0.0_1/toolchain-x86_64/x86_64-w64-mingw32/include]


Parsed C implicit link information from above output:
  link line regex: [^( *|.*[/\])(x86_64-w64-mingw32-ld|CMAKE_LINK_STARTFILE-NOTFOUND|([^/\]+-)?ld|collect2)[^/\]*( |$)]
  ignore line: [Change Dir: /Users/njazz/Documents/github/euclidean_pattern_external/builds/win-mingw/CMakeFiles/CMakeTmp]
  ignore line: []
  ignore line: [Run Build Command(s):/usr/bin/make cmTC_551a1/fast && /Applications/Xcode.app/Contents/Developer/usr/bin/make -f CMakeFiles/cmTC_551a1.dir/build.make CMakeFiles/cmTC_551a1.dir/build]
  ignore line: [Building C object CMakeFiles/cmTC_551a1.dir/CMakeCCompilerABI.c.obj]
  ignore line: [/usr/local/bin/x86_64-w64-mingw32-gcc   -v -o CMakeFiles/cmTC_551a1.dir/CMakeCCompilerABI.c.obj   -c /usr/local/Cellar/cmake/3.16.4/share/cmake/Modules/CMakeCCompilerABI.c]
  ignore line: [Using built-in specs.]
  ignore line: [COLLECT_GCC=/usr/local/bin/x86_64-w64-mingw32-gcc]
  ignore line: [Target: x86_64-w64-mingw32]
  ignore line: [Configured with: ../configure --target=x86_64-w64-mingw32 --with-sysroot=/usr/local/Cellar/mingw-w64/7.0.0_1/toolchain-x86_64 --prefix=/usr/local/Cellar/mingw-w64/7.0.0_1/toolchain-x86_64 --with-bugurl=https://github.com/Homebrew/homebrew-core/issues --enable-languages=c,c++,fortran --with-ld=/usr/local/Cellar/mingw-w64/7.0.0_1/toolchain-x86_64/bin/x86_64-w64-mingw32-ld --with-as=/usr/local/Cellar/mingw-w64/7.0.0_1/toolchain-x86_64/bin/x86_64-w64-mingw32-as --with-gmp=/usr/local/opt/gmp --with-mpfr=/usr/local/opt/mpfr --with-mpc=/usr/local/opt/libmpc --with-isl=/usr/local/opt/isl --disable-multilib --enable-threads=posix]
  ignore line: [Thread model: posix]
  ignore line: [gcc version 9.2.0 (GCC) ]
  ignore line: [COLLECT_GCC_OPTIONS='-v' '-o' 'CMakeFiles/cmTC_551a1.dir/CMakeCCompilerABI.c.obj' '-c' '-mtune=generic' '-march=x86-64']
  ignore line: [ /usr/local/Cellar/mingw-w64/7.0.0_1/toolchain-x86_64/libexec/gcc/x86_64-w64-mingw32/9.2.0/cc1 -quiet -v -D_REENTRANT /usr/local/Cellar/cmake/3.16.4/share/cmake/Modules/CMakeCCompilerABI.c -quiet -dumpbase CMakeCCompilerABI.c -mtune=generic -march=x86-64 -auxbase-strip CMakeFiles/cmTC_551a1.dir/CMakeCCompilerABI.c.obj -version -o /var/folders/kt/n00x5k9x1j7ghp_61shv4snw0000gn/T//cciAv4ju.s]
  ignore line: [GNU C17 (GCC) version 9.2.0 (x86_64-w64-mingw32)]
  ignore line: [	compiled by GNU C version 4.2.1 Compatible Apple LLVM 9.0.0 (clang-900.0.38)  GMP version 6.1.2  MPFR version 4.0.2  MPC version 1.1.0  isl version isl-0.22-GMP]
  ignore line: []
  ignore line: [GGC heuristics: --param ggc-min-expand=100 --param ggc-min-heapsize=131072]
  ignore line: [ignoring nonexistent directory "/usr/local/Cellar/mingw-w64/7.0.0_1/toolchain-x86_64/usr/local/include"]
  ignore line: [ignoring duplicate directory "/usr/local/Cellar/mingw-w64/7.0.0_1/toolchain-x86_64/mingw/include"]
  ignore line: [#include "..." search starts here:]
  ignore line: [#include <...> search starts here:]
  ignore line: [ /usr/local/Cellar/mingw-w64/7.0.0_1/toolchain-x86_64/lib/gcc/x86_64-w64-mingw32/9.2.0/include]
  ignore line: [ /usr/local/Cellar/mingw-w64/7.0.0_1/toolchain-x86_64/lib/gcc/x86_64-w64-mingw32/9.2.0/include-fixed]
  ignore line: [ /usr/local/Cellar/mingw-w64/7.0.0_1/toolchain-x86_64/lib/gcc/x86_64-w64-mingw32/9.2.0/../../../../x86_64-w64-mingw32/include]
  ignore line: [End of search list.]
  ignore line: [GNU C17 (GCC) version 9.2.0 (x86_64-w64-mingw32)]
  ignore line: [	compiled by GNU C version 4.2.1 Compatible Apple LLVM 9.0.0 (clang-900.0.38)  GMP version 6.1.2  MPFR version 4.0.2  MPC version 1.1.0  isl version isl-0.22-GMP]
  ignore line: []
  ignore line: [GGC heuristics: --param ggc-min-expand=100 --param ggc-min-heapsize=131072]
  ignore line: [Compiler executable checksum: 70646389e470a65bb03a21825ec12f11]
  ignore line: [COLLECT_GCC_OPTIONS='-v' '-o' 'CMakeFiles/cmTC_551a1.dir/CMakeCCompilerABI.c.obj' '-c' '-mtune=generic' '-march=x86-64']
  ignore line: [ /usr/local/Cellar/mingw-w64/7.0.0_1/toolchain-x86_64/bin/x86_64-w64-mingw32-as -v -o CMakeFiles/cmTC_551a1.dir/CMakeCCompilerABI.c.obj /var/folders/kt/n00x5k9x1j7ghp_61shv4snw0000gn/T//cciAv4ju.s]
  ignore line: [GNU assembler version 2.33.1 (x86_64-w64-mingw32) using BFD version (GNU Binutils) 2.33.1]
  ignore line: [COMPILER_PATH=/usr/local/Cellar/mingw-w64/7.0.0_1/toolchain-x86_64/libexec/gcc/x86_64-w64-mingw32/9.2.0/:/usr/local/Cellar/mingw-w64/7.0.0_1/toolchain-x86_64/libexec/gcc/x86_64-w64-mingw32/9.2.0/:/usr/local/Cellar/mingw-w64/7.0.0_1/toolchain-x86_64/libexec/gcc/x86_64-w64-mingw32/:/usr/local/Cellar/mingw-w64/7.0.0_1/toolchain-x86_64/lib/gcc/x86_64-w64-mingw32/9.2.0/:/usr/local/Cellar/mingw-w64/7.0.0_1/toolchain-x86_64/lib/gcc/x86_64-w64-mingw32/:/usr/local/Cellar/mingw-w64/7.0.0_1/toolchain-x86_64/lib/gcc/x86_64-w64-mingw32/9.2.0/../../../../x86_64-w64-mingw32/bin/]
  ignore line: [LIBRARY_PATH=/usr/local/Cellar/mingw-w64/7.0.0_1/toolchain-x86_64/lib/gcc/x86_64-w64-mingw32/9.2.0/:/usr/local/Cellar/mingw-w64/7.0.0_1/toolchain-x86_64/lib/gcc/x86_64-w64-mingw32/9.2.0/../../../../x86_64-w64-mingw32/lib/../lib/:/usr/local/Cellar/mingw-w64/7.0.0_1/toolchain-x86_64/mingw/lib/../lib/:/usr/local/Cellar/mingw-w64/7.0.0_1/toolchain-x86_64/lib/gcc/x86_64-w64-mingw32/9.2.0/../../../../x86_64-w64-mingw32/lib/:/usr/local/Cellar/mingw-w64/7.0.0_1/toolchain-x86_64/mingw/lib/]
  ignore line: [COLLECT_GCC_OPTIONS='-v' '-o' 'CMakeFiles/cmTC_551a1.dir/CMakeCCompilerABI.c.obj' '-c' '-mtune=generic' '-march=x86-64']
  ignore line: [Linking C executable cmTC_551a1.exe]
  ignore line: [/usr/local/Cellar/cmake/3.16.4/bin/cmake -E cmake_link_script CMakeFiles/cmTC_551a1.dir/link.txt --verbose=1]
  ignore line: [/usr/local/Cellar/cmake/3.16.4/bin/cmake -E remove -f CMakeFiles/cmTC_551a1.dir/objects.a]
  ignore line: [/usr/local/bin/x86_64-w64-mingw32-ar cr CMakeFiles/cmTC_551a1.dir/objects.a @CMakeFiles/cmTC_551a1.dir/objects1.rsp]
  ignore line: [/usr/local/bin/x86_64-w64-mingw32-gcc     -v -Wl --whole-archive CMakeFiles/cmTC_551a1.dir/objects.a -Wl --no-whole-archive  -o cmTC_551a1.exe -Wl --out-implib libcmTC_551a1.dll.a -Wl --major-image-version 0 --minor-image-version 0 ]
  ignore line: [Using built-in specs.]
  ignore line: [COLLECT_GCC=/usr/local/bin/x86_64-w64-mingw32-gcc]
  ignore line: [COLLECT_LTO_WRAPPER=/usr/local/Cellar/mingw-w64/7.0.0_1/toolchain-x86_64/libexec/gcc/x86_64-w64-mingw32/9.2.0/lto-wrapper]
  ignore line: [Target: x86_64-w64-mingw32]
  ignore line: [Configured with: ../configure --target=x86_64-w64-mingw32 --with-sysroot=/usr/local/Cellar/mingw-w64/7.0.0_1/toolchain-x86_64 --prefix=/usr/local/Cellar/mingw-w64/7.0.0_1/toolchain-x86_64 --with-bugurl=https://github.com/Homebrew/homebrew-core/issues --enable-languages=c,c++,fortran --with-ld=/usr/local/Cellar/mingw-w64/7.0.0_1/toolchain-x86_64/bin/x86_64-w64-mingw32-ld --with-as=/usr/local/Cellar/mingw-w64/7.0.0_1/toolchain-x86_64/bin/x86_64-w64-mingw32-as --with-gmp=/usr/local/opt/gmp --with-mpfr=/usr/local/opt/mpfr --with-mpc=/usr/local/opt/libmpc --with-isl=/usr/local/opt/isl --disable-multilib --enable-threads=posix]
  ignore line: [Thread model: posix]
  ignore line: [gcc version 9.2.0 (GCC) ]
  ignore line: [COMPILER_PATH=/usr/local/Cellar/mingw-w64/7.0.0_1/toolchain-x86_64/libexec/gcc/x86_64-w64-mingw32/9.2.0/:/usr/local/Cellar/mingw-w64/7.0.0_1/toolchain-x86_64/libexec/gcc/x86_64-w64-mingw32/9.2.0/:/usr/local/Cellar/mingw-w64/7.0.0_1/toolchain-x86_64/libexec/gcc/x86_64-w64-mingw32/:/usr/local/Cellar/mingw-w64/7.0.0_1/toolchain-x86_64/lib/gcc/x86_64-w64-mingw32/9.2.0/:/usr/local/Cellar/mingw-w64/7.0.0_1/toolchain-x86_64/lib/gcc/x86_64-w64-mingw32/:/usr/local/Cellar/mingw-w64/7.0.0_1/toolchain-x86_64/lib/gcc/x86_64-w64-mingw32/9.2.0/../../../../x86_64-w64-mingw32/bin/]
  ignore line: [LIBRARY_PATH=/usr/local/Cellar/mingw-w64/7.0.0_1/toolchain-x86_64/lib/gcc/x86_64-w64-mingw32/9.2.0/:/usr/local/Cellar/mingw-w64/7.0.0_1/toolchain-x86_64/lib/gcc/x86_64-w64-mingw32/9.2.0/../../../../x86_64-w64-mingw32/lib/../lib/:/usr/local/Cellar/mingw-w64/7.0.0_1/toolchain-x86_64/mingw/lib/../lib/:/usr/local/Cellar/mingw-w64/7.0.0_1/toolchain-x86_64/lib/gcc/x86_64-w64-mingw32/9.2.0/../../../../x86_64-w64-mingw32/lib/:/usr/local/Cellar/mingw-w64/7.0.0_1/toolchain-x86_64/mingw/lib/]
  ignore line: [COLLECT_GCC_OPTIONS='-v' '-o' 'cmTC_551a1.exe' '-mtune=generic' '-march=x86-64']
  link line: [ /usr/local/Cellar/mingw-w64/7.0.0_1/toolchain-x86_64/libexec/gcc/x86_64-w64-mingw32/9.2.0/collect2 -plugin /usr/local/Cellar/mingw-w64/7.0.0_1/toolchain-x86_64/libexec/gcc/x86_64-w64-mingw32/9.2.0/liblto_plugin.so -plugin-opt=/usr/local/Cellar/mingw-w64/7.0.0_1/toolchain-x86_64/libexec/gcc/x86_64-w64-mingw32/9.2.0/lto-wrapper -plugin-opt=-fresolution=/var/folders/kt/n00x5k9x1j7ghp_61shv4snw0000gn/T//ccu6Rk9T.res -plugin-opt=-pass-through=-lmingw32 -plugin-opt=-pass-through=-lgcc -plugin-opt=-pass-through=-lgcc_eh -plugin-opt=-pass-through=-lmoldname -plugin-opt=-pass-through=-lmingwex -plugin-opt=-pass-through=-lmsvcrt -plugin-opt=-pass-through=-lpthread -plugin-opt=-pass-through=-ladvapi32 -plugin-opt=-pass-through=-lshell32 -plugin-opt=-pass-through=-luser32 -plugin-opt=-pass-through=-lkernel32 -plugin-opt=-pass-through=-lmingw32 -plugin-opt=-pass-through=-lgcc -plugin-opt=-pass-through=-lgcc_eh -plugin-opt=-pass-through=-lmoldname -plugin-opt=-pass-through=-lmingwex -plugin-opt=-pass-through=-lmsvcrt --sysroot=/usr/local/Cellar/mingw-w64/7.0.0_1/toolchain-x86_64 -m i386pep -Bdynamic -o cmTC_551a1.exe /usr/local/Cellar/mingw-w64/7.0.0_1/toolchain-x86_64/lib/gcc/x86_64-w64-mingw32/9.2.0/../../../../x86_64-w64-mingw32/lib/../lib/crt2.o /usr/local/Cellar/mingw-w64/7.0.0_1/toolchain-x86_64/lib/gcc/x86_64-w64-mingw32/9.2.0/crtbegin.o -L/usr/local/Cellar/mingw-w64/7.0.0_1/toolchain-x86_64/lib/gcc/x86_64-w64-mingw32/9.2.0 -L/usr/local/Cellar/mingw-w64/7.0.0_1/toolchain-x86_64/lib/gcc/x86_64-w64-mingw32/9.2.0/../../../../x86_64-w64-mingw32/lib/../lib -L/usr/local/Cellar/mingw-w64/7.0.0_1/toolchain-x86_64/mingw/lib/../lib -L/usr/local/Cellar/mingw-w64/7.0.0_1/toolchain-x86_64/lib/gcc/x86_64-w64-mingw32/9.2.0/../../../../x86_64-w64-mingw32/lib -L/usr/local/Cellar/mingw-w64/7.0.0_1/toolchain-x86_64/mingw/lib --whole-archive CMakeFiles/cmTC_551a1.dir/objects.a --no-whole-archive --out-implib libcmTC_551a1.dll.a --major-image-version 0 --minor-image-version 0 -lmingw32 -lgcc -lgcc_eh -lmoldname -lmingwex -lmsvcrt -lpthread -ladvapi32 -lshell32 -luser32 -lkernel32 -lmingw32 -lgcc -lgcc_eh -lmoldname -lmingwex -lmsvcrt /usr/local/Cellar/mingw-w64/7.0.0_1/toolchain-x86_64/lib/gcc/x86_64-w64-mingw32/9.2.0/crtend.o]
    arg [/usr/local/Cellar/mingw-w64/7.0.0_1/toolchain-x86_64/libexec/gcc/x86_64-w64-mingw32/9.2.0/collect2] ==> ignore
    arg [-plugin] ==> ignore
    arg [/usr/local/Cellar/mingw-w64/7.0.0_1/toolchain-x86_64/libexec/gcc/x86_64-w64-mingw32/9.2.0/liblto_plugin.so] ==> ignore
    arg [-plugin-opt=/usr/local/Cellar/mingw-w64/7.0.0_1/toolchain-x86_64/libexec/gcc/x86_64-w64-mingw32/9.2.0/lto-wrapper] ==> ignore
    arg [-plugin-opt=-fresolution=/var/folders/kt/n00x5k9x1j7ghp_61shv4snw0000gn/T//ccu6Rk9T.res] ==> ignore
    arg [-plugin-opt=-pass-through=-lmingw32] ==> ignore
    arg [-plugin-opt=-pass-through=-lgcc] ==> ignore
    arg [-plugin-opt=-pass-through=-lgcc_eh] ==> ignore
    arg [-plugin-opt=-pass-through=-lmoldname] ==> ignore
    arg [-plugin-opt=-pass-through=-lmingwex] ==> ignore
    arg [-plugin-opt=-pass-through=-lmsvcrt] ==> ignore
    arg [-plugin-opt=-pass-through=-lpthread] ==> ignore
    arg [-plugin-opt=-pass-through=-ladvapi32] ==> ignore
    arg [-plugin-opt=-pass-through=-lshell32] ==> ignore
    arg [-plugin-opt=-pass-through=-luser32] ==> ignore
    arg [-plugin-opt=-pass-through=-lkernel32] ==> ignore
    arg [-plugin-opt=-pass-through=-lmingw32] ==> ignore
    arg [-plugin-opt=-pass-through=-lgcc] ==> ignore
    arg [-plugin-opt=-pass-through=-lgcc_eh] ==> ignore
    arg [-plugin-opt=-pass-through=-lmoldname] ==> ignore
    arg [-plugin-opt=-pass-through=-lmingwex] ==> ignore
    arg [-plugin-opt=-pass-through=-lmsvcrt] ==> ignore
    arg [--sysroot=/usr/local/Cellar/mingw-w64/7.0.0_1/toolchain-x86_64] ==> ignore
    arg [-m] ==> ignore
    arg [i386pep] ==> ignore
    arg [-Bdynamic] ==> ignore
    arg [-o] ==> ignore
    arg [cmTC_551a1.exe] ==> ignore
    arg [/usr/local/Cellar/mingw-w64/7.0.0_1/toolchain-x86_64/lib/gcc/x86_64-w64-mingw32/9.2.0/../../../../x86_64-w64-mingw32/lib/../lib/crt2.o] ==> ignore
    arg [/usr/local/Cellar/mingw-w64/7.0.0_1/toolchain-x86_64/lib/gcc/x86_64-w64-mingw32/9.2.0/crtbegin.o] ==> ignore
    arg [-L/usr/local/Cellar/mingw-w64/7.0.0_1/toolchain-x86_64/lib/gcc/x86_64-w64-mingw32/9.2.0] ==> dir [/usr/local/Cellar/mingw-w64/7.0.0_1/toolchain-x86_64/lib/gcc/x86_64-w64-mingw32/9.2.0]
    arg [-L/usr/local/Cellar/mingw-w64/7.0.0_1/toolchain-x86_64/lib/gcc/x86_64-w64-mingw32/9.2.0/../../../../x86_64-w64-mingw32/lib/../lib] ==> dir [/usr/local/Cellar/mingw-w64/7.0.0_1/toolchain-x86_64/lib/gcc/x86_64-w64-mingw32/9.2.0/../../../../x86_64-w64-mingw32/lib/../lib]
    arg [-L/usr/local/Cellar/mingw-w64/7.0.0_1/toolchain-x86_64/mingw/lib/../lib] ==> dir [/usr/local/Cellar/mingw-w64/7.0.0_1/toolchain-x86_64/mingw/lib/../lib]
    arg [-L/usr/local/Cellar/mingw-w64/7.0.0_1/toolchain-x86_64/lib/gcc/x86_64-w64-mingw32/9.2.0/../../../../x86_64-w64-mingw32/lib] ==> dir [/usr/local/Cellar/mingw-w64/7.0.0_1/toolchain-x86_64/lib/gcc/x86_64-w64-mingw32/9.2.0/../../../../x86_64-w64-mingw32/lib]
    arg [-L/usr/local/Cellar/mingw-w64/7.0.0_1/toolchain-x86_64/mingw/lib] ==> dir [/usr/local/Cellar/mingw-w64/7.0.0_1/toolchain-x86_64/mingw/lib]
    arg [--whole-archive] ==> ignore
    arg [CMakeFiles/cmTC_551a1.dir/objects.a] ==> ignore
    arg [--no-whole-archive] ==> ignore
    arg [--out-implib] ==> ignore
    arg [libcmTC_551a1.dll.a] ==> ignore
    arg [--major-image-version] ==> ignore
    arg [0] ==> ignore
    arg [--minor-image-version] ==> ignore
    arg [0] ==> ignore
    arg [-lmingw32] ==> lib [mingw32]
    arg [-lgcc] ==> lib [gcc]
    arg [-lgcc_eh] ==> lib [gcc_eh]
    arg [-lmoldname] ==> lib [moldname]
    arg [-lmingwex] ==> lib [mingwex]
    arg [-lmsvcrt] ==> lib [msvcrt]
    arg [-lpthread] ==> lib [pthread]
    arg [-ladvapi32] ==> lib [advapi32]
    arg [-lshell32] ==> lib [shell32]
    arg [-luser32] ==> lib [user32]
    arg [-lkernel32] ==> lib [kernel32]
    arg [-lmingw32] ==> lib [mingw32]
    arg [-lgcc] ==> lib [gcc]
    arg [-lgcc_eh] ==> lib [gcc_eh]
    arg [-lmoldname] ==> lib [moldname]
    arg [-lmingwex] ==> lib [mingwex]
    arg [-lmsvcrt] ==> lib [msvcrt]
    arg [/usr/local/Cellar/mingw-w64/7.0.0_1/toolchain-x86_64/lib/gcc/x86_64-w64-mingw32/9.2.0/crtend.o] ==> ignore
  remove lib [gcc_eh]
  remove lib [msvcrt]
  remove lib [gcc_eh]
  remove lib [msvcrt]
  collapse library dir [/usr/local/Cellar/mingw-w64/7.0.0_1/toolchain-x86_64/lib/gcc/x86_64-w64-mingw32/9.2.0] ==> [/usr/local/Cellar/mingw-w64/7.0.0_1/toolchain-x86_64/lib/gcc/x86_64-w64-mingw32/9.2.0]
  collapse library dir [/usr/local/Cellar/mingw-w64/7.0.0_1/toolchain-x86_64/lib/gcc/x86_64-w64-mingw32/9.2.0/../../../../x86_64-w64-mingw32/lib/../lib] ==> [/usr/local/Cellar/mingw-w64/7.0.0_1/toolchain-x86_64/x86_64-w64-mingw32/lib]
  collapse library dir [/usr/local/Cellar/mingw-w64/7.0.0_1/toolchain-x86_64/mingw/lib/../lib] ==> [/usr/local/Cellar/mingw-w64/7.0.0_1/toolchain-x86_64/mingw/lib]
  collapse library dir [/usr/local/Cellar/mingw-w64/7.0.0_1/toolchain-x86_64/lib/gcc/x86_64-w64-mingw32/9.2.0/../../../../x86_64-w64-mingw32/lib] ==> [/usr/local/Cellar/mingw-w64/7.0.0_1/toolchain-x86_64/x86_64-w64-mingw32/lib]
  collapse library dir [/usr/local/Cellar/mingw-w64/7.0.0_1/toolchain-x86_64/mingw/lib] ==> [/usr/local/Cellar/mingw-w64/7.0.0_1/toolchain-x86_64/mingw/lib]
  implicit libs: [mingw32;gcc;moldname;mingwex;pthread;advapi32;shell32;user32;kernel32;mingw32;gcc;moldname;mingwex]
  implicit dirs: [/usr/local/Cellar/mingw-w64/7.0.0_1/toolchain-x86_64/lib/gcc/x86_64-w64-mingw32/9.2.0;/usr/local/Cellar/mingw-w64/7.0.0_1/toolchain-x86_64/x86_64-w64-mingw32/lib;/usr/local/Cellar/mingw-w64/7.0.0_1/toolchain-x86_64/mingw/lib]
  implicit fwks: []


Determining if the CXX compiler works passed with the following output:
Change Dir: /Users/njazz/Documents/github/euclidean_pattern_external/builds/win-mingw/CMakeFiles/CMakeTmp

Run Build Command(s):/usr/bin/make cmTC_6a769/fast && /Applications/Xcode.app/Contents/Developer/usr/bin/make -f CMakeFiles/cmTC_6a769.dir/build.make CMakeFiles/cmTC_6a769.dir/build
Building CXX object CMakeFiles/cmTC_6a769.dir/testCXXCompiler.cxx.obj
/usr/local/bin/x86_64-w64-mingw32-g++     -o CMakeFiles/cmTC_6a769.dir/testCXXCompiler.cxx.obj -c /Users/njazz/Documents/github/euclidean_pattern_external/builds/win-mingw/CMakeFiles/CMakeTmp/testCXXCompiler.cxx
Linking CXX executable cmTC_6a769.exe
/usr/local/Cellar/cmake/3.16.4/bin/cmake -E cmake_link_script CMakeFiles/cmTC_6a769.dir/link.txt --verbose=1
/usr/local/Cellar/cmake/3.16.4/bin/cmake -E remove -f CMakeFiles/cmTC_6a769.dir/objects.a
/usr/local/bin/x86_64-w64-mingw32-ar cr CMakeFiles/cmTC_6a769.dir/objects.a @CMakeFiles/cmTC_6a769.dir/objects1.rsp
/usr/local/bin/x86_64-w64-mingw32-g++      -Wl,--whole-archive CMakeFiles/cmTC_6a769.dir/objects.a -Wl,--no-whole-archive  -o cmTC_6a769.exe -Wl,--out-implib,libcmTC_6a769.dll.a -Wl,--major-image-version,0,--minor-image-version,0 @CMakeFiles/cmTC_6a769.dir/linklibs.rsp



Detecting CXX compiler ABI info compiled with the following output:
Change Dir: /Users/njazz/Documents/github/euclidean_pattern_external/builds/win-mingw/CMakeFiles/CMakeTmp

Run Build Command(s):/usr/bin/make cmTC_db291/fast && /Applications/Xcode.app/Contents/Developer/usr/bin/make -f CMakeFiles/cmTC_db291.dir/build.make CMakeFiles/cmTC_db291.dir/build
Building CXX object CMakeFiles/cmTC_db291.dir/CMakeCXXCompilerABI.cpp.obj
/usr/local/bin/x86_64-w64-mingw32-g++    -v -o CMakeFiles/cmTC_db291.dir/CMakeCXXCompilerABI.cpp.obj -c /usr/local/Cellar/cmake/3.16.4/share/cmake/Modules/CMakeCXXCompilerABI.cpp
Using built-in specs.
COLLECT_GCC=/usr/local/bin/x86_64-w64-mingw32-g++
Target: x86_64-w64-mingw32
Configured with: ../configure --target=x86_64-w64-mingw32 --with-sysroot=/usr/local/Cellar/mingw-w64/7.0.0_1/toolchain-x86_64 --prefix=/usr/local/Cellar/mingw-w64/7.0.0_1/toolchain-x86_64 --with-bugurl=https://github.com/Homebrew/homebrew-core/issues --enable-languages=c,c++,fortran --with-ld=/usr/local/Cellar/mingw-w64/7.0.0_1/toolchain-x86_64/bin/x86_64-w64-mingw32-ld --with-as=/usr/local/Cellar/mingw-w64/7.0.0_1/toolchain-x86_64/bin/x86_64-w64-mingw32-as --with-gmp=/usr/local/opt/gmp --with-mpfr=/usr/local/opt/mpfr --with-mpc=/usr/local/opt/libmpc --with-isl=/usr/local/opt/isl --disable-multilib --enable-threads=posix
Thread model: posix
gcc version 9.2.0 (GCC) 
COLLECT_GCC_OPTIONS='-v' '-o' 'CMakeFiles/cmTC_db291.dir/CMakeCXXCompilerABI.cpp.obj' '-c' '-shared-libgcc' '-mtune=generic' '-march=x86-64'
 /usr/local/Cellar/mingw-w64/7.0.0_1/toolchain-x86_64/libexec/gcc/x86_64-w64-mingw32/9.2.0/cc1plus -quiet -v -D_REENTRANT /usr/local/Cellar/cmake/3.16.4/share/cmake/Modules/CMakeCXXCompilerABI.cpp -quiet -dumpbase CMakeCXXCompilerABI.cpp -mtune=generic -march=x86-64 -auxbase-strip CMakeFiles/cmTC_db291.dir/CMakeCXXCompilerABI.cpp.obj -version -o /var/folders/kt/n00x5k9x1j7ghp_61shv4snw0000gn/T//ccD8ah8r.s
GNU C++14 (GCC) version 9.2.0 (x86_64-w64-mingw32)
	compiled by GNU C version 4.2.1 Compatible Apple LLVM 9.0.0 (clang-900.0.38), GMP version 6.1.2, MPFR version 4.0.2, MPC version 1.1.0, isl version isl-0.22-GMP

GGC heuristics: --param ggc-min-expand=100 --param ggc-min-heapsize=131072
ignoring nonexistent directory "/usr/local/Cellar/mingw-w64/7.0.0_1/toolchain-x86_64/usr/local/include"
ignoring duplicate directory "/usr/local/Cellar/mingw-w64/7.0.0_1/toolchain-x86_64/mingw/include"
#include "..." search starts here:
#include <...> search starts here:
 /usr/local/Cellar/mingw-w64/7.0.0_1/toolchain-x86_64/lib/gcc/x86_64-w64-mingw32/9.2.0/../../../../x86_64-w64-mingw32/include/c++/9.2.0
 /usr/local/Cellar/mingw-w64/7.0.0_1/toolchain-x86_64/lib/gcc/x86_64-w64-mingw32/9.2.0/../../../../x86_64-w64-mingw32/include/c++/9.2.0/x86_64-w64-mingw32
 /usr/local/Cellar/mingw-w64/7.0.0_1/toolchain-x86_64/lib/gcc/x86_64-w64-mingw32/9.2.0/../../../../x86_64-w64-mingw32/include/c++/9.2.0/backward
 /usr/local/Cellar/mingw-w64/7.0.0_1/toolchain-x86_64/lib/gcc/x86_64-w64-mingw32/9.2.0/include
 /usr/local/Cellar/mingw-w64/7.0.0_1/toolchain-x86_64/lib/gcc/x86_64-w64-mingw32/9.2.0/include-fixed
 /usr/local/Cellar/mingw-w64/7.0.0_1/toolchain-x86_64/lib/gcc/x86_64-w64-mingw32/9.2.0/../../../../x86_64-w64-mingw32/include
End of search list.
GNU C++14 (GCC) version 9.2.0 (x86_64-w64-mingw32)
	compiled by GNU C version 4.2.1 Compatible Apple LLVM 9.0.0 (clang-900.0.38), GMP version 6.1.2, MPFR version 4.0.2, MPC version 1.1.0, isl version isl-0.22-GMP

GGC heuristics: --param ggc-min-expand=100 --param ggc-min-heapsize=131072
Compiler executable checksum: 6788a4cb0e02e56431311e0d136e5f29
COLLECT_GCC_OPTIONS='-v' '-o' 'CMakeFiles/cmTC_db291.dir/CMakeCXXCompilerABI.cpp.obj' '-c' '-shared-libgcc' '-mtune=generic' '-march=x86-64'
 /usr/local/Cellar/mingw-w64/7.0.0_1/toolchain-x86_64/bin/x86_64-w64-mingw32-as -v -o CMakeFiles/cmTC_db291.dir/CMakeCXXCompilerABI.cpp.obj /var/folders/kt/n00x5k9x1j7ghp_61shv4snw0000gn/T//ccD8ah8r.s
GNU assembler version 2.33.1 (x86_64-w64-mingw32) using BFD version (GNU Binutils) 2.33.1
COMPILER_PATH=/usr/local/Cellar/mingw-w64/7.0.0_1/toolchain-x86_64/libexec/gcc/x86_64-w64-mingw32/9.2.0/:/usr/local/Cellar/mingw-w64/7.0.0_1/toolchain-x86_64/libexec/gcc/x86_64-w64-mingw32/9.2.0/:/usr/local/Cellar/mingw-w64/7.0.0_1/toolchain-x86_64/libexec/gcc/x86_64-w64-mingw32/:/usr/local/Cellar/mingw-w64/7.0.0_1/toolchain-x86_64/lib/gcc/x86_64-w64-mingw32/9.2.0/:/usr/local/Cellar/mingw-w64/7.0.0_1/toolchain-x86_64/lib/gcc/x86_64-w64-mingw32/:/usr/local/Cellar/mingw-w64/7.0.0_1/toolchain-x86_64/lib/gcc/x86_64-w64-mingw32/9.2.0/../../../../x86_64-w64-mingw32/bin/
LIBRARY_PATH=/usr/local/Cellar/mingw-w64/7.0.0_1/toolchain-x86_64/lib/gcc/x86_64-w64-mingw32/9.2.0/:/usr/local/Cellar/mingw-w64/7.0.0_1/toolchain-x86_64/lib/gcc/x86_64-w64-mingw32/9.2.0/../../../../x86_64-w64-mingw32/lib/../lib/:/usr/local/Cellar/mingw-w64/7.0.0_1/toolchain-x86_64/mingw/lib/../lib/:/usr/local/Cellar/mingw-w64/7.0.0_1/toolchain-x86_64/lib/gcc/x86_64-w64-mingw32/9.2.0/../../../../x86_64-w64-mingw32/lib/:/usr/local/Cellar/mingw-w64/7.0.0_1/toolchain-x86_64/mingw/lib/
COLLECT_GCC_OPTIONS='-v' '-o' 'CMakeFiles/cmTC_db291.dir/CMakeCXXCompilerABI.cpp.obj' '-c' '-shared-libgcc' '-mtune=generic' '-march=x86-64'
Linking CXX executable cmTC_db291.exe
/usr/local/Cellar/cmake/3.16.4/bin/cmake -E cmake_link_script CMakeFiles/cmTC_db291.dir/link.txt --verbose=1
/usr/local/Cellar/cmake/3.16.4/bin/cmake -E remove -f CMakeFiles/cmTC_db291.dir/objects.a
/usr/local/bin/x86_64-w64-mingw32-ar cr CMakeFiles/cmTC_db291.dir/objects.a @CMakeFiles/cmTC_db291.dir/objects1.rsp
/usr/local/bin/x86_64-w64-mingw32-g++     -v -Wl,--whole-archive CMakeFiles/cmTC_db291.dir/objects.a -Wl,--no-whole-archive  -o cmTC_db291.exe -Wl,--out-implib,libcmTC_db291.dll.a -Wl,--major-image-version,0,--minor-image-version,0 
Using built-in specs.
COLLECT_GCC=/usr/local/bin/x86_64-w64-mingw32-g++
COLLECT_LTO_WRAPPER=/usr/local/Cellar/mingw-w64/7.0.0_1/toolchain-x86_64/libexec/gcc/x86_64-w64-mingw32/9.2.0/lto-wrapper
Target: x86_64-w64-mingw32
Configured with: ../configure --target=x86_64-w64-mingw32 --with-sysroot=/usr/local/Cellar/mingw-w64/7.0.0_1/toolchain-x86_64 --prefix=/usr/local/Cellar/mingw-w64/7.0.0_1/toolchain-x86_64 --with-bugurl=https://github.com/Homebrew/homebrew-core/issues --enable-languages=c,c++,fortran --with-ld=/usr/local/Cellar/mingw-w64/7.0.0_1/toolchain-x86_64/bin/x86_64-w64-mingw32-ld --with-as=/usr/local/Cellar/mingw-w64/7.0.0_1/toolchain-x86_64/bin/x86_64-w64-mingw32-as --with-gmp=/usr/local/opt/gmp --with-mpfr=/usr/local/opt/mpfr --with-mpc=/usr/local/opt/libmpc --with-isl=/usr/local/opt/isl --disable-multilib --enable-threads=posix
Thread model: posix
gcc version 9.2.0 (GCC) 
COMPILER_PATH=/usr/local/Cellar/mingw-w64/7.0.0_1/toolchain-x86_64/libexec/gcc/x86_64-w64-mingw32/9.2.0/:/usr/local/Cellar/mingw-w64/7.0.0_1/toolchain-x86_64/libexec/gcc/x86_64-w64-mingw32/9.2.0/:/usr/local/Cellar/mingw-w64/7.0.0_1/toolchain-x86_64/libexec/gcc/x86_64-w64-mingw32/:/usr/local/Cellar/mingw-w64/7.0.0_1/toolchain-x86_64/lib/gcc/x86_64-w64-mingw32/9.2.0/:/usr/local/Cellar/mingw-w64/7.0.0_1/toolchain-x86_64/lib/gcc/x86_64-w64-mingw32/:/usr/local/Cellar/mingw-w64/7.0.0_1/toolchain-x86_64/lib/gcc/x86_64-w64-mingw32/9.2.0/../../../../x86_64-w64-mingw32/bin/
LIBRARY_PATH=/usr/local/Cellar/mingw-w64/7.0.0_1/toolchain-x86_64/lib/gcc/x86_64-w64-mingw32/9.2.0/:/usr/local/Cellar/mingw-w64/7.0.0_1/toolchain-x86_64/lib/gcc/x86_64-w64-mingw32/9.2.0/../../../../x86_64-w64-mingw32/lib/../lib/:/usr/local/Cellar/mingw-w64/7.0.0_1/toolchain-x86_64/mingw/lib/../lib/:/usr/local/Cellar/mingw-w64/7.0.0_1/toolchain-x86_64/lib/gcc/x86_64-w64-mingw32/9.2.0/../../../../x86_64-w64-mingw32/lib/:/usr/local/Cellar/mingw-w64/7.0.0_1/toolchain-x86_64/mingw/lib/
COLLECT_GCC_OPTIONS='-v' '-o' 'cmTC_db291.exe' '-shared-libgcc' '-mtune=generic' '-march=x86-64'
 /usr/local/Cellar/mingw-w64/7.0.0_1/toolchain-x86_64/libexec/gcc/x86_64-w64-mingw32/9.2.0/collect2 -plugin /usr/local/Cellar/mingw-w64/7.0.0_1/toolchain-x86_64/libexec/gcc/x86_64-w64-mingw32/9.2.0/liblto_plugin.so -plugin-opt=/usr/local/Cellar/mingw-w64/7.0.0_1/toolchain-x86_64/libexec/gcc/x86_64-w64-mingw32/9.2.0/lto-wrapper -plugin-opt=-fresolution=/var/folders/kt/n00x5k9x1j7ghp_61shv4snw0000gn/T//ccbxvqyK.res -plugin-opt=-pass-through=-lmingw32 -plugin-opt=-pass-through=-lgcc_s -plugin-opt=-pass-through=-lgcc -plugin-opt=-pass-through=-lmoldname -plugin-opt=-pass-through=-lmingwex -plugin-opt=-pass-through=-lmsvcrt -plugin-opt=-pass-through=-lpthread -plugin-opt=-pass-through=-ladvapi32 -plugin-opt=-pass-through=-lshell32 -plugin-opt=-pass-through=-luser32 -plugin-opt=-pass-through=-lkernel32 -plugin-opt=-pass-through=-lmingw32 -plugin-opt=-pass-through=-lgcc_s -plugin-opt=-pass-through=-lgcc -plugin-opt=-pass-through=-lmoldname -plugin-opt=-pass-through=-lmingwex -plugin-opt=-pass-through=-lmsvcrt --sysroot=/usr/local/Cellar/mingw-w64/7.0.0_1/toolchain-x86_64 -m i386pep -Bdynamic -o cmTC_db291.exe /usr/local/Cellar/mingw-w64/7.0.0_1/toolchain-x86_64/lib/gcc/x86_64-w64-mingw32/9.2.0/../../../../x86_64-w64-mingw32/lib/../lib/crt2.o /usr/local/Cellar/mingw-w64/7.0.0_1/toolchain-x86_64/lib/gcc/x86_64-w64-mingw32/9.2.0/crtbegin.o -L/usr/local/Cellar/mingw-w64/7.0.0_1/toolchain-x86_64/lib/gcc/x86_64-w64-mingw32/9.2.0 -L/usr/local/Cellar/mingw-w64/7.0.0_1/toolchain-x86_64/lib/gcc/x86_64-w64-mingw32/9.2.0/../../../../x86_64-w64-mingw32/lib/../lib -L/usr/local/Cellar/mingw-w64/7.0.0_1/toolchain-x86_64/mingw/lib/../lib -L/usr/local/Cellar/mingw-w64/7.0.0_1/toolchain-x86_64/lib/gcc/x86_64-w64-mingw32/9.2.0/../../../../x86_64-w64-mingw32/lib -L/usr/local/Cellar/mingw-w64/7.0.0_1/toolchain-x86_64/mingw/lib --whole-archive CMakeFiles/cmTC_db291.dir/objects.a --no-whole-archive --out-implib libcmTC_db291.dll.a --major-image-version 0 --minor-image-version 0 -lstdc++ -lmingw32 -lgcc_s -lgcc -lmoldname -lmingwex -lmsvcrt -lpthread -ladvapi32 -lshell32 -luser32 -lkernel32 -lmingw32 -lgcc_s -lgcc -lmoldname -lmingwex -lmsvcrt /usr/local/Cellar/mingw-w64/7.0.0_1/toolchain-x86_64/lib/gcc/x86_64-w64-mingw32/9.2.0/crtend.o
COLLECT_GCC_OPTIONS='-v' '-o' 'cmTC_db291.exe' '-shared-libgcc' '-mtune=generic' '-march=x86-64'



Parsed CXX implicit include dir info from above output: rv=done
  found start of include info
  found start of implicit include info
    add: [/usr/local/Cellar/mingw-w64/7.0.0_1/toolchain-x86_64/lib/gcc/x86_64-w64-mingw32/9.2.0/../../../../x86_64-w64-mingw32/include/c++/9.2.0]
    add: [/usr/local/Cellar/mingw-w64/7.0.0_1/toolchain-x86_64/lib/gcc/x86_64-w64-mingw32/9.2.0/../../../../x86_64-w64-mingw32/include/c++/9.2.0/x86_64-w64-mingw32]
    add: [/usr/local/Cellar/mingw-w64/7.0.0_1/toolchain-x86_64/lib/gcc/x86_64-w64-mingw32/9.2.0/../../../../x86_64-w64-mingw32/include/c++/9.2.0/backward]
    add: [/usr/local/Cellar/mingw-w64/7.0.0_1/toolchain-x86_64/lib/gcc/x86_64-w64-mingw32/9.2.0/include]
    add: [/usr/local/Cellar/mingw-w64/7.0.0_1/toolchain-x86_64/lib/gcc/x86_64-w64-mingw32/9.2.0/include-fixed]
    add: [/usr/local/Cellar/mingw-w64/7.0.0_1/toolchain-x86_64/lib/gcc/x86_64-w64-mingw32/9.2.0/../../../../x86_64-w64-mingw32/include]
  end of search list found
  collapse include dir [/usr/local/Cellar/mingw-w64/7.0.0_1/toolchain-x86_64/lib/gcc/x86_64-w64-mingw32/9.2.0/../../../../x86_64-w64-mingw32/include/c++/9.2.0] ==> [/usr/local/Cellar/mingw-w64/7.0.0_1/toolchain-x86_64/x86_64-w64-mingw32/include/c++/9.2.0]
  collapse include dir [/usr/local/Cellar/mingw-w64/7.0.0_1/toolchain-x86_64/lib/gcc/x86_64-w64-mingw32/9.2.0/../../../../x86_64-w64-mingw32/include/c++/9.2.0/x86_64-w64-mingw32] ==> [/usr/local/Cellar/mingw-w64/7.0.0_1/toolchain-x86_64/x86_64-w64-mingw32/include/c++/9.2.0/x86_64-w64-mingw32]
  collapse include dir [/usr/local/Cellar/mingw-w64/7.0.0_1/toolchain-x86_64/lib/gcc/x86_64-w64-mingw32/9.2.0/../../../../x86_64-w64-mingw32/include/c++/9.2.0/backward] ==> [/usr/local/Cellar/mingw-w64/7.0.0_1/toolchain-x86_64/x86_64-w64-mingw32/include/c++/9.2.0/backward]
  collapse include dir [/usr/local/Cellar/mingw-w64/7.0.0_1/toolchain-x86_64/lib/gcc/x86_64-w64-mingw32/9.2.0/include] ==> [/usr/local/Cellar/mingw-w64/7.0.0_1/toolchain-x86_64/lib/gcc/x86_64-w64-mingw32/9.2.0/include]
  collapse include dir [/usr/local/Cellar/mingw-w64/7.0.0_1/toolchain-x86_64/lib/gcc/x86_64-w64-mingw32/9.2.0/include-fixed] ==> [/usr/local/Cellar/mingw-w64/7.0.0_1/toolchain-x86_64/lib/gcc/x86_64-w64-mingw32/9.2.0/include-fixed]
  collapse include dir [/usr/local/Cellar/mingw-w64/7.0.0_1/toolchain-x86_64/lib/gcc/x86_64-w64-mingw32/9.2.0/../../../../x86_64-w64-mingw32/include] ==> [/usr/local/Cellar/mingw-w64/7.0.0_1/toolchain-x86_64/x86_64-w64-mingw32/include]
  implicit include dirs: [/usr/local/Cellar/mingw-w64/7.0.0_1/toolchain-x86_64/x86_64-w64-mingw32/include/c++/9.2.0;/usr/local/Cellar/mingw-w64/7.0.0_1/toolchain-x86_64/x86_64-w64-mingw32/include/c++/9.2.0/x86_64-w64-mingw32;/usr/local/Cellar/mingw-w64/7.0.0_1/toolchain-x86_64/x86_64-w64-mingw32/include/c++/9.2.0/backward;/usr/local/Cellar/mingw-w64/7.0.0_1/toolchain-x86_64/lib/gcc/x86_64-w64-mingw32/9.2.0/include;/usr/local/Cellar/mingw-w64/7.0.0_1/toolchain-x86_64/lib/gcc/x86_64-w64-mingw32/9.2.0/include-fixed;/usr/local/Cellar/mingw-w64/7.0.0_1/toolchain-x86_64/x86_64-w64-mingw32/include]


Parsed CXX implicit link information from above output:
  link line regex: [^( *|.*[/\])(x86_64-w64-mingw32-ld|CMAKE_LINK_STARTFILE-NOTFOUND|([^/\]+-)?ld|collect2)[^/\]*( |$)]
  ignore line: [Change Dir: /Users/njazz/Documents/github/euclidean_pattern_external/builds/win-mingw/CMakeFiles/CMakeTmp]
  ignore line: []
  ignore line: [Run Build Command(s):/usr/bin/make cmTC_db291/fast && /Applications/Xcode.app/Contents/Developer/usr/bin/make -f CMakeFiles/cmTC_db291.dir/build.make CMakeFiles/cmTC_db291.dir/build]
  ignore line: [Building CXX object CMakeFiles/cmTC_db291.dir/CMakeCXXCompilerABI.cpp.obj]
  ignore line: [/usr/local/bin/x86_64-w64-mingw32-g++    -v -o CMakeFiles/cmTC_db291.dir/CMakeCXXCompilerABI.cpp.obj -c /usr/local/Cellar/cmake/3.16.4/share/cmake/Modules/CMakeCXXCompilerABI.cpp]
  ignore line: [Using built-in specs.]
  ignore line: [COLLECT_GCC=/usr/local/bin/x86_64-w64-mingw32-g++]
  ignore line: [Target: x86_64-w64-mingw32]
  ignore line: [Configured with: ../configure --target=x86_64-w64-mingw32 --with-sysroot=/usr/local/Cellar/mingw-w64/7.0.0_1/toolchain-x86_64 --prefix=/usr/local/Cellar/mingw-w64/7.0.0_1/toolchain-x86_64 --with-bugurl=https://github.com/Homebrew/homebrew-core/issues --enable-languages=c,c++,fortran --with-ld=/usr/local/Cellar/mingw-w64/7.0.0_1/toolchain-x86_64/bin/x86_64-w64-mingw32-ld --with-as=/usr/local/Cellar/mingw-w64/7.0.0_1/toolchain-x86_64/bin/x86_64-w64-mingw32-as --with-gmp=/usr/local/opt/gmp --with-mpfr=/usr/local/opt/mpfr --with-mpc=/usr/local/opt/libmpc --with-isl=/usr/local/opt/isl --disable-multilib --enable-threads=posix]
  ignore line: [Thread model: posix]
  ignore line: [gcc version 9.2.0 (GCC) ]
  ignore line: [COLLECT_GCC_OPTIONS='-v' '-o' 'CMakeFiles/cmTC_db291.dir/CMakeCXXCompilerABI.cpp.obj' '-c' '-shared-libgcc' '-mtune=generic' '-march=x86-64']
  ignore line: [ /usr/local/Cellar/mingw-w64/7.0.0_1/toolchain-x86_64/libexec/gcc/x86_64-w64-mingw32/9.2.0/cc1plus -quiet -v -D_REENTRANT /usr/local/Cellar/cmake/3.16.4/share/cmake/Modules/CMakeCXXCompilerABI.cpp -quiet -dumpbase CMakeCXXCompilerABI.cpp -mtune=generic -march=x86-64 -auxbase-strip CMakeFiles/cmTC_db291.dir/CMakeCXXCompilerABI.cpp.obj -version -o /var/folders/kt/n00x5k9x1j7ghp_61shv4snw0000gn/T//ccD8ah8r.s]
  ignore line: [GNU C++14 (GCC) version 9.2.0 (x86_64-w64-mingw32)]
  ignore line: [	compiled by GNU C version 4.2.1 Compatible Apple LLVM 9.0.0 (clang-900.0.38)  GMP version 6.1.2  MPFR version 4.0.2  MPC version 1.1.0  isl version isl-0.22-GMP]
  ignore line: []
  ignore line: [GGC heuristics: --param ggc-min-expand=100 --param ggc-min-heapsize=131072]
  ignore line: [ignoring nonexistent directory "/usr/local/Cellar/mingw-w64/7.0.0_1/toolchain-x86_64/usr/local/include"]
  ignore line: [ignoring duplicate directory "/usr/local/Cellar/mingw-w64/7.0.0_1/toolchain-x86_64/mingw/include"]
  ignore line: [#include "..." search starts here:]
  ignore line: [#include <...> search starts here:]
  ignore line: [ /usr/local/Cellar/mingw-w64/7.0.0_1/toolchain-x86_64/lib/gcc/x86_64-w64-mingw32/9.2.0/../../../../x86_64-w64-mingw32/include/c++/9.2.0]
  ignore line: [ /usr/local/Cellar/mingw-w64/7.0.0_1/toolchain-x86_64/lib/gcc/x86_64-w64-mingw32/9.2.0/../../../../x86_64-w64-mingw32/include/c++/9.2.0/x86_64-w64-mingw32]
  ignore line: [ /usr/local/Cellar/mingw-w64/7.0.0_1/toolchain-x86_64/lib/gcc/x86_64-w64-mingw32/9.2.0/../../../../x86_64-w64-mingw32/include/c++/9.2.0/backward]
  ignore line: [ /usr/local/Cellar/mingw-w64/7.0.0_1/toolchain-x86_64/lib/gcc/x86_64-w64-mingw32/9.2.0/include]
  ignore line: [ /usr/local/Cellar/mingw-w64/7.0.0_1/toolchain-x86_64/lib/gcc/x86_64-w64-mingw32/9.2.0/include-fixed]
  ignore line: [ /usr/local/Cellar/mingw-w64/7.0.0_1/toolchain-x86_64/lib/gcc/x86_64-w64-mingw32/9.2.0/../../../../x86_64-w64-mingw32/include]
  ignore line: [End of search list.]
  ignore line: [GNU C++14 (GCC) version 9.2.0 (x86_64-w64-mingw32)]
  ignore line: [	compiled by GNU C version 4.2.1 Compatible Apple LLVM 9.0.0 (clang-900.0.38)  GMP version 6.1.2  MPFR version 4.0.2  MPC version 1.1.0  isl version isl-0.22-GMP]
  ignore line: []
  ignore line: [GGC heuristics: --param ggc-min-expand=100 --param ggc-min-heapsize=131072]
  ignore line: [Compiler executable checksum: 6788a4cb0e02e56431311e0d136e5f29]
  ignore line: [COLLECT_GCC_OPTIONS='-v' '-o' 'CMakeFiles/cmTC_db291.dir/CMakeCXXCompilerABI.cpp.obj' '-c' '-shared-libgcc' '-mtune=generic' '-march=x86-64']
  ignore line: [ /usr/local/Cellar/mingw-w64/7.0.0_1/toolchain-x86_64/bin/x86_64-w64-mingw32-as -v -o CMakeFiles/cmTC_db291.dir/CMakeCXXCompilerABI.cpp.obj /var/folders/kt/n00x5k9x1j7ghp_61shv4snw0000gn/T//ccD8ah8r.s]
  ignore line: [GNU assembler version 2.33.1 (x86_64-w64-mingw32) using BFD version (GNU Binutils) 2.33.1]
  ignore line: [COMPILER_PATH=/usr/local/Cellar/mingw-w64/7.0.0_1/toolchain-x86_64/libexec/gcc/x86_64-w64-mingw32/9.2.0/:/usr/local/Cellar/mingw-w64/7.0.0_1/toolchain-x86_64/libexec/gcc/x86_64-w64-mingw32/9.2.0/:/usr/local/Cellar/mingw-w64/7.0.0_1/toolchain-x86_64/libexec/gcc/x86_64-w64-mingw32/:/usr/local/Cellar/mingw-w64/7.0.0_1/toolchain-x86_64/lib/gcc/x86_64-w64-mingw32/9.2.0/:/usr/local/Cellar/mingw-w64/7.0.0_1/toolchain-x86_64/lib/gcc/x86_64-w64-mingw32/:/usr/local/Cellar/mingw-w64/7.0.0_1/toolchain-x86_64/lib/gcc/x86_64-w64-mingw32/9.2.0/../../../../x86_64-w64-mingw32/bin/]
  ignore line: [LIBRARY_PATH=/usr/local/Cellar/mingw-w64/7.0.0_1/toolchain-x86_64/lib/gcc/x86_64-w64-mingw32/9.2.0/:/usr/local/Cellar/mingw-w64/7.0.0_1/toolchain-x86_64/lib/gcc/x86_64-w64-mingw32/9.2.0/../../../../x86_64-w64-mingw32/lib/../lib/:/usr/local/Cellar/mingw-w64/7.0.0_1/toolchain-x86_64/mingw/lib/../lib/:/usr/local/Cellar/mingw-w64/7.0.0_1/toolchain-x86_64/lib/gcc/x86_64-w64-mingw32/9.2.0/../../../../x86_64-w64-mingw32/lib/:/usr/local/Cellar/mingw-w64/7.0.0_1/toolchain-x86_64/mingw/lib/]
  ignore line: [COLLECT_GCC_OPTIONS='-v' '-o' 'CMakeFiles/cmTC_db291.dir/CMakeCXXCompilerABI.cpp.obj' '-c' '-shared-libgcc' '-mtune=generic' '-march=x86-64']
  ignore line: [Linking CXX executable cmTC_db291.exe]
  ignore line: [/usr/local/Cellar/cmake/3.16.4/bin/cmake -E cmake_link_script CMakeFiles/cmTC_db291.dir/link.txt --verbose=1]
  ignore line: [/usr/local/Cellar/cmake/3.16.4/bin/cmake -E remove -f CMakeFiles/cmTC_db291.dir/objects.a]
  ignore line: [/usr/local/bin/x86_64-w64-mingw32-ar cr CMakeFiles/cmTC_db291.dir/objects.a @CMakeFiles/cmTC_db291.dir/objects1.rsp]
  ignore line: [/usr/local/bin/x86_64-w64-mingw32-g++     -v -Wl --whole-archive CMakeFiles/cmTC_db291.dir/objects.a -Wl --no-whole-archive  -o cmTC_db291.exe -Wl --out-implib libcmTC_db291.dll.a -Wl --major-image-version 0 --minor-image-version 0 ]
  ignore line: [Using built-in specs.]
  ignore line: [COLLECT_GCC=/usr/local/bin/x86_64-w64-mingw32-g++]
  ignore line: [COLLECT_LTO_WRAPPER=/usr/local/Cellar/mingw-w64/7.0.0_1/toolchain-x86_64/libexec/gcc/x86_64-w64-mingw32/9.2.0/lto-wrapper]
  ignore line: [Target: x86_64-w64-mingw32]
  ignore line: [Configured with: ../configure --target=x86_64-w64-mingw32 --with-sysroot=/usr/local/Cellar/mingw-w64/7.0.0_1/toolchain-x86_64 --prefix=/usr/local/Cellar/mingw-w64/7.0.0_1/toolchain-x86_64 --with-bugurl=https://github.com/Homebrew/homebrew-core/issues --enable-languages=c,c++,fortran --with-ld=/usr/local/Cellar/mingw-w64/7.0.0_1/toolchain-x86_64/bin/x86_64-w64-mingw32-ld --with-as=/usr/local/Cellar/mingw-w64/7.0.0_1/toolchain-x86_64/bin/x86_64-w64-mingw32-as --with-gmp=/usr/local/opt/gmp --with-mpfr=/usr/local/opt/mpfr --with-mpc=/usr/local/opt/libmpc --with-isl=/usr/local/opt/isl --disable-multilib --enable-threads=posix]
  ignore line: [Thread model: posix]
  ignore line: [gcc version 9.2.0 (GCC) ]
  ignore line: [COMPILER_PATH=/usr/local/Cellar/mingw-w64/7.0.0_1/toolchain-x86_64/libexec/gcc/x86_64-w64-mingw32/9.2.0/:/usr/local/Cellar/mingw-w64/7.0.0_1/toolchain-x86_64/libexec/gcc/x86_64-w64-mingw32/9.2.0/:/usr/local/Cellar/mingw-w64/7.0.0_1/toolchain-x86_64/libexec/gcc/x86_64-w64-mingw32/:/usr/local/Cellar/mingw-w64/7.0.0_1/toolchain-x86_64/lib/gcc/x86_64-w64-mingw32/9.2.0/:/usr/local/Cellar/mingw-w64/7.0.0_1/toolchain-x86_64/lib/gcc/x86_64-w64-mingw32/:/usr/local/Cellar/mingw-w64/7.0.0_1/toolchain-x86_64/lib/gcc/x86_64-w64-mingw32/9.2.0/../../../../x86_64-w64-mingw32/bin/]
  ignore line: [LIBRARY_PATH=/usr/local/Cellar/mingw-w64/7.0.0_1/toolchain-x86_64/lib/gcc/x86_64-w64-mingw32/9.2.0/:/usr/local/Cellar/mingw-w64/7.0.0_1/toolchain-x86_64/lib/gcc/x86_64-w64-mingw32/9.2.0/../../../../x86_64-w64-mingw32/lib/../lib/:/usr/local/Cellar/mingw-w64/7.0.0_1/toolchain-x86_64/mingw/lib/../lib/:/usr/local/Cellar/mingw-w64/7.0.0_1/toolchain-x86_64/lib/gcc/x86_64-w64-mingw32/9.2.0/../../../../x86_64-w64-mingw32/lib/:/usr/local/Cellar/mingw-w64/7.0.0_1/toolchain-x86_64/mingw/lib/]
  ignore line: [COLLECT_GCC_OPTIONS='-v' '-o' 'cmTC_db291.exe' '-shared-libgcc' '-mtune=generic' '-march=x86-64']
  link line: [ /usr/local/Cellar/mingw-w64/7.0.0_1/toolchain-x86_64/libexec/gcc/x86_64-w64-mingw32/9.2.0/collect2 -plugin /usr/local/Cellar/mingw-w64/7.0.0_1/toolchain-x86_64/libexec/gcc/x86_64-w64-mingw32/9.2.0/liblto_plugin.so -plugin-opt=/usr/local/Cellar/mingw-w64/7.0.0_1/toolchain-x86_64/libexec/gcc/x86_64-w64-mingw32/9.2.0/lto-wrapper -plugin-opt=-fresolution=/var/folders/kt/n00x5k9x1j7ghp_61shv4snw0000gn/T//ccbxvqyK.res -plugin-opt=-pass-through=-lmingw32 -plugin-opt=-pass-through=-lgcc_s -plugin-opt=-pass-through=-lgcc -plugin-opt=-pass-through=-lmoldname -plugin-opt=-pass-through=-lmingwex -plugin-opt=-pass-through=-lmsvcrt -plugin-opt=-pass-through=-lpthread -plugin-opt=-pass-through=-ladvapi32 -plugin-opt=-pass-through=-lshell32 -plugin-opt=-pass-through=-luser32 -plugin-opt=-pass-through=-lkernel32 -plugin-opt=-pass-through=-lmingw32 -plugin-opt=-pass-through=-lgcc_s -plugin-opt=-pass-through=-lgcc -plugin-opt=-pass-through=-lmoldname -plugin-opt=-pass-through=-lmingwex -plugin-opt=-pass-through=-lmsvcrt --sysroot=/usr/local/Cellar/mingw-w64/7.0.0_1/toolchain-x86_64 -m i386pep -Bdynamic -o cmTC_db291.exe /usr/local/Cellar/mingw-w64/7.0.0_1/toolchain-x86_64/lib/gcc/x86_64-w64-mingw32/9.2.0/../../../../x86_64-w64-mingw32/lib/../lib/crt2.o /usr/local/Cellar/mingw-w64/7.0.0_1/toolchain-x86_64/lib/gcc/x86_64-w64-mingw32/9.2.0/crtbegin.o -L/usr/local/Cellar/mingw-w64/7.0.0_1/toolchain-x86_64/lib/gcc/x86_64-w64-mingw32/9.2.0 -L/usr/local/Cellar/mingw-w64/7.0.0_1/toolchain-x86_64/lib/gcc/x86_64-w64-mingw32/9.2.0/../../../../x86_64-w64-mingw32/lib/../lib -L/usr/local/Cellar/mingw-w64/7.0.0_1/toolchain-x86_64/mingw/lib/../lib -L/usr/local/Cellar/mingw-w64/7.0.0_1/toolchain-x86_64/lib/gcc/x86_64-w64-mingw32/9.2.0/../../../../x86_64-w64-mingw32/lib -L/usr/local/Cellar/mingw-w64/7.0.0_1/toolchain-x86_64/mingw/lib --whole-archive CMakeFiles/cmTC_db291.dir/objects.a --no-whole-archive --out-implib libcmTC_db291.dll.a --major-image-version 0 --minor-image-version 0 -lstdc++ -lmingw32 -lgcc_s -lgcc -lmoldname -lmingwex -lmsvcrt -lpthread -ladvapi32 -lshell32 -luser32 -lkernel32 -lmingw32 -lgcc_s -lgcc -lmoldname -lmingwex -lmsvcrt /usr/local/Cellar/mingw-w64/7.0.0_1/toolchain-x86_64/lib/gcc/x86_64-w64-mingw32/9.2.0/crtend.o]
    arg [/usr/local/Cellar/mingw-w64/7.0.0_1/toolchain-x86_64/libexec/gcc/x86_64-w64-mingw32/9.2.0/collect2] ==> ignore
    arg [-plugin] ==> ignore
    arg [/usr/local/Cellar/mingw-w64/7.0.0_1/toolchain-x86_64/libexec/gcc/x86_64-w64-mingw32/9.2.0/liblto_plugin.so] ==> ignore
    arg [-plugin-opt=/usr/local/Cellar/mingw-w64/7.0.0_1/toolchain-x86_64/libexec/gcc/x86_64-w64-mingw32/9.2.0/lto-wrapper] ==> ignore
    arg [-plugin-opt=-fresolution=/var/folders/kt/n00x5k9x1j7ghp_61shv4snw0000gn/T//ccbxvqyK.res] ==> ignore
    arg [-plugin-opt=-pass-through=-lmingw32] ==> ignore
    arg [-plugin-opt=-pass-through=-lgcc_s] ==> ignore
    arg [-plugin-opt=-pass-through=-lgcc] ==> ignore
    arg [-plugin-opt=-pass-through=-lmoldname] ==> ignore
    arg [-plugin-opt=-pass-through=-lmingwex] ==> ignore
    arg [-plugin-opt=-pass-through=-lmsvcrt] ==> ignore
    arg [-plugin-opt=-pass-through=-lpthread] ==> ignore
    arg [-plugin-opt=-pass-through=-ladvapi32] ==> ignore
    arg [-plugin-opt=-pass-through=-lshell32] ==> ignore
    arg [-plugin-opt=-pass-through=-luser32] ==> ignore
    arg [-plugin-opt=-pass-through=-lkernel32] ==> ignore
    arg [-plugin-opt=-pass-through=-lmingw32] ==> ignore
    arg [-plugin-opt=-pass-through=-lgcc_s] ==> ignore
    arg [-plugin-opt=-pass-through=-lgcc] ==> ignore
    arg [-plugin-opt=-pass-through=-lmoldname] ==> ignore
    arg [-plugin-opt=-pass-through=-lmingwex] ==> ignore
    arg [-plugin-opt=-pass-through=-lmsvcrt] ==> ignore
    arg [--sysroot=/usr/local/Cellar/mingw-w64/7.0.0_1/toolchain-x86_64] ==> ignore
    arg [-m] ==> ignore
    arg [i386pep] ==> ignore
    arg [-Bdynamic] ==> ignore
    arg [-o] ==> ignore
    arg [cmTC_db291.exe] ==> ignore
    arg [/usr/local/Cellar/mingw-w64/7.0.0_1/toolchain-x86_64/lib/gcc/x86_64-w64-mingw32/9.2.0/../../../../x86_64-w64-mingw32/lib/../lib/crt2.o] ==> ignore
    arg [/usr/local/Cellar/mingw-w64/7.0.0_1/toolchain-x86_64/lib/gcc/x86_64-w64-mingw32/9.2.0/crtbegin.o] ==> ignore
    arg [-L/usr/local/Cellar/mingw-w64/7.0.0_1/toolchain-x86_64/lib/gcc/x86_64-w64-mingw32/9.2.0] ==> dir [/usr/local/Cellar/mingw-w64/7.0.0_1/toolchain-x86_64/lib/gcc/x86_64-w64-mingw32/9.2.0]
    arg [-L/usr/local/Cellar/mingw-w64/7.0.0_1/toolchain-x86_64/lib/gcc/x86_64-w64-mingw32/9.2.0/../../../../x86_64-w64-mingw32/lib/../lib] ==> dir [/usr/local/Cellar/mingw-w64/7.0.0_1/toolchain-x86_64/lib/gcc/x86_64-w64-mingw32/9.2.0/../../../../x86_64-w64-mingw32/lib/../lib]
    arg [-L/usr/local/Cellar/mingw-w64/7.0.0_1/toolchain-x86_64/mingw/lib/../lib] ==> dir [/usr/local/Cellar/mingw-w64/7.0.0_1/toolchain-x86_64/mingw/lib/../lib]
    arg [-L/usr/local/Cellar/mingw-w64/7.0.0_1/toolchain-x86_64/lib/gcc/x86_64-w64-mingw32/9.2.0/../../../../x86_64-w64-mingw32/lib] ==> dir [/usr/local/Cellar/mingw-w64/7.0.0_1/toolchain-x86_64/lib/gcc/x86_64-w64-mingw32/9.2.0/../../../../x86_64-w64-mingw32/lib]
    arg [-L/usr/local/Cellar/mingw-w64/7.0.0_1/toolchain-x86_64/mingw/lib] ==> dir [/usr/local/Cellar/mingw-w64/7.0.0_1/toolchain-x86_64/mingw/lib]
    arg [--whole-archive] ==> ignore
    arg [CMakeFiles/cmTC_db291.dir/objects.a] ==> ignore
    arg [--no-whole-archive] ==> ignore
    arg [--out-implib] ==> ignore
    arg [libcmTC_db291.dll.a] ==> ignore
    arg [--major-image-version] ==> ignore
    arg [0] ==> ignore
    arg [--minor-image-version] ==> ignore
    arg [0] ==> ignore
    arg [-lstdc++] ==> lib [stdc++]
    arg [-lmingw32] ==> lib [mingw32]
    arg [-lgcc_s] ==> lib [gcc_s]
    arg [-lgcc] ==> lib [gcc]
    arg [-lmoldname] ==> lib [moldname]
    arg [-lmingwex] ==> lib [mingwex]
    arg [-lmsvcrt] ==> lib [msvcrt]
    arg [-lpthread] ==> lib [pthread]
    arg [-ladvapi32] ==> lib [advapi32]
    arg [-lshell32] ==> lib [shell32]
    arg [-luser32] ==> lib [user32]
    arg [-lkernel32] ==> lib [kernel32]
    arg [-lmingw32] ==> lib [mingw32]
    arg [-lgcc_s] ==> lib [gcc_s]
    arg [-lgcc] ==> lib [gcc]
    arg [-lmoldname] ==> lib [moldname]
    arg [-lmingwex] ==> lib [mingwex]
    arg [-lmsvcrt] ==> lib [msvcrt]
    arg [/usr/local/Cellar/mingw-w64/7.0.0_1/toolchain-x86_64/lib/gcc/x86_64-w64-mingw32/9.2.0/crtend.o] ==> ignore
  remove lib [msvcrt]
  remove lib [msvcrt]
  collapse library dir [/usr/local/Cellar/mingw-w64/7.0.0_1/toolchain-x86_64/lib/gcc/x86_64-w64-mingw32/9.2.0] ==> [/usr/local/Cellar/mingw-w64/7.0.0_1/toolchain-x86_64/lib/gcc/x86_64-w64-mingw32/9.2.0]
  collapse library dir [/usr/local/Cellar/mingw-w64/7.0.0_1/toolchain-x86_64/lib/gcc/x86_64-w64-mingw32/9.2.0/../../../../x86_64-w64-mingw32/lib/../lib] ==> [/usr/local/Cellar/mingw-w64/7.0.0_1/toolchain-x86_64/x86_64-w64-mingw32/lib]
  collapse library dir [/usr/local/Cellar/mingw-w64/7.0.0_1/toolchain-x86_64/mingw/lib/../lib] ==> [/usr/local/Cellar/mingw-w64/7.0.0_1/toolchain-x86_64/mingw/lib]
  collapse library dir [/usr/local/Cellar/mingw-w64/7.0.0_1/toolchain-x86_64/lib/gcc/x86_64-w64-mingw32/9.2.0/../../../../x86_64-w64-mingw32/lib] ==> [/usr/local/Cellar/mingw-w64/7.0.0_1/toolchain-x86_64/x86_64-w64-mingw32/lib]
  collapse library dir [/usr/local/Cellar/mingw-w64/7.0.0_1/toolchain-x86_64/mingw/lib] ==> [/usr/local/Cellar/mingw-w64/7.0.0_1/toolchain-x86_64/mingw/lib]
  implicit libs: [stdc++;mingw32;gcc_s;gcc;moldname;mingwex;pthread;advapi32;shell32;user32;kernel32;mingw32;gcc_s;gcc;moldname;mingwex]
  implicit dirs: [/usr/local/Cellar/mingw-w64/7.0.0_1/toolchain-x86_64/lib/gcc/x86_64-w64-mingw32/9.2.0;/usr/local/Cellar/mingw-w64/7.0.0_1/toolchain-x86_64/x86_64-w64-mingw32/lib;/usr/local/Cellar/mingw-w64/7.0.0_1/toolchain-x86_64/mingw/lib]
  implicit fwks: []


